<?xml version="1.0" encoding="UTF-8"?>
<!-- Generated by org.testng.reporters.JUnitXMLReporter -->
<testsuite ignored="0" hostname="DESKTOP-8S6QOCR" failures="0" tests="7" name="SjTest" time="165.938" errors="0" timestamp="2024-06-07T08:50:41 IST">
  <testcase classname="baseSpiceJet.TC_05_BookingSpiceJetFlight" name="bookingFlight" time="12.248"/>
  <testcase classname="baseSpiceJet.TC_06_ValidationOfFiledsSpicejet" name="validationOfFiledsSpicejet" time="1.441"/>
  <testcase classname="baseSpiceJet.TC_07_FillingBookingFormPaymentInfo" name="fillingBookingInfo" time="22.965"/>
  <testcase classname="baseSpiceJet.TC_01_SpiceJetSignup" name="testSignUp" time="10.076"/>
  <testcase classname="baseSpiceJet.TC_03_OneWaySearchFlightSpiceJet" name="testSearchFlights" time="10.623"/>
  <testcase classname="baseSpiceJet.TC_04_RoundTripSearchFlight" name="testRoundTripSearch" time="11.511"/>
  <testcase classname="baseSpiceJet.TC_02_LoginSpiceJet" name="testLoginSpicsJet" time="6.458"/>
</testsuite> <!-- SjTest -->
