<?xml version="1.0" encoding="UTF-8"?>
<testng-results ignored="0" total="7" passed="7" failed="0" skipped="0">
  <reporter-output>
  </reporter-output>
  <suite started-at="2024-06-07T08:47:55 IST" name="SpiceJetSuite" finished-at="2024-06-07T08:50:41 IST" duration-ms="165938">
    <groups>
    </groups>
    <test started-at="2024-06-07T08:47:55 IST" name="SjTest" finished-at="2024-06-07T08:50:41 IST" duration-ms="165938">
      <class name="baseSpiceJet.TC_01_SpiceJetSignup">
        <test-method is-config="true" signature="setUp()[pri:0, instance:baseSpiceJet.TC_01_SpiceJetSignup@6c6cb480]" started-at="2024-06-07T08:49:11 IST" name="setUp" finished-at="2024-06-07T08:49:22 IST" duration-ms="10440" status="PASS">
          <reporter-output>
          </reporter-output>
        </test-method> <!-- setUp -->
        <test-method signature="testSignUp()[pri:1, instance:baseSpiceJet.TC_01_SpiceJetSignup@6c6cb480]" started-at="2024-06-07T08:49:22 IST" name="testSignUp" finished-at="2024-06-07T08:49:32 IST" duration-ms="10076" status="PASS">
          <reporter-output>
          </reporter-output>
        </test-method> <!-- testSignUp -->
        <test-method is-config="true" signature="TearDown()[pri:0, instance:baseSpiceJet.TC_01_SpiceJetSignup@6c6cb480]" started-at="2024-06-07T08:49:32 IST" name="TearDown" finished-at="2024-06-07T08:49:34 IST" duration-ms="2117" status="PASS">
          <reporter-output>
          </reporter-output>
        </test-method> <!-- TearDown -->
      </class> <!-- baseSpiceJet.TC_01_SpiceJetSignup -->
      <class name="baseSpiceJet.TC_04_RoundTripSearchFlight">
        <test-method is-config="true" signature="setUp()[pri:0, instance:baseSpiceJet.TC_04_RoundTripSearchFlight@c730b35]" started-at="2024-06-07T08:49:57 IST" name="setUp" finished-at="2024-06-07T08:50:08 IST" duration-ms="10864" status="PASS">
          <reporter-output>
          </reporter-output>
        </test-method> <!-- setUp -->
        <test-method signature="testRoundTripSearch()[pri:0, instance:baseSpiceJet.TC_04_RoundTripSearchFlight@c730b35]" started-at="2024-06-07T08:50:08 IST" name="testRoundTripSearch" finished-at="2024-06-07T08:50:20 IST" duration-ms="11511" status="PASS">
          <reporter-output>
          </reporter-output>
        </test-method> <!-- testRoundTripSearch -->
        <test-method is-config="true" signature="TearDown()[pri:0, instance:baseSpiceJet.TC_04_RoundTripSearchFlight@c730b35]" started-at="2024-06-07T08:50:20 IST" name="TearDown" finished-at="2024-06-07T08:50:22 IST" duration-ms="1933" status="PASS">
          <reporter-output>
          </reporter-output>
        </test-method> <!-- TearDown -->
      </class> <!-- baseSpiceJet.TC_04_RoundTripSearchFlight -->
      <class name="baseSpiceJet.TC_05_BookingSpiceJetFlight">
        <test-method is-config="true" signature="setUp()[pri:0, instance:baseSpiceJet.TC_05_BookingSpiceJetFlight@4135c3b]" started-at="2024-06-07T08:47:55 IST" name="setUp" finished-at="2024-06-07T08:48:07 IST" duration-ms="11654" status="PASS">
          <reporter-output>
          </reporter-output>
        </test-method> <!-- setUp -->
        <test-method signature="bookingFlight()[pri:0, instance:baseSpiceJet.TC_05_BookingSpiceJetFlight@4135c3b]" started-at="2024-06-07T08:48:07 IST" name="bookingFlight" finished-at="2024-06-07T08:48:19 IST" duration-ms="12248" status="PASS">
          <reporter-output>
          </reporter-output>
        </test-method> <!-- bookingFlight -->
        <test-method is-config="true" signature="TearDown()[pri:0, instance:baseSpiceJet.TC_05_BookingSpiceJetFlight@4135c3b]" started-at="2024-06-07T08:48:19 IST" name="TearDown" finished-at="2024-06-07T08:48:21 IST" duration-ms="1999" status="PASS">
          <reporter-output>
          </reporter-output>
        </test-method> <!-- TearDown -->
      </class> <!-- baseSpiceJet.TC_05_BookingSpiceJetFlight -->
      <class name="baseSpiceJet.TC_06_ValidationOfFiledsSpicejet">
        <test-method is-config="true" signature="setUp()[pri:0, instance:baseSpiceJet.TC_06_ValidationOfFiledsSpicejet@557caf28]" started-at="2024-06-07T08:48:21 IST" name="setUp" finished-at="2024-06-07T08:48:31 IST" duration-ms="9794" status="PASS">
          <reporter-output>
          </reporter-output>
        </test-method> <!-- setUp -->
        <test-method signature="validationOfFiledsSpicejet()[pri:0, instance:baseSpiceJet.TC_06_ValidationOfFiledsSpicejet@557caf28]" started-at="2024-06-07T08:48:31 IST" name="validationOfFiledsSpicejet" finished-at="2024-06-07T08:48:32 IST" duration-ms="1441" status="PASS">
          <reporter-output>
          </reporter-output>
        </test-method> <!-- validationOfFiledsSpicejet -->
        <test-method is-config="true" signature="TearDown()[pri:0, instance:baseSpiceJet.TC_06_ValidationOfFiledsSpicejet@557caf28]" started-at="2024-06-07T08:48:32 IST" name="TearDown" finished-at="2024-06-07T08:48:35 IST" duration-ms="2577" status="PASS">
          <reporter-output>
          </reporter-output>
        </test-method> <!-- TearDown -->
      </class> <!-- baseSpiceJet.TC_06_ValidationOfFiledsSpicejet -->
      <class name="baseSpiceJet.TC_03_OneWaySearchFlightSpiceJet">
        <test-method is-config="true" signature="setUp()[pri:0, instance:baseSpiceJet.TC_03_OneWaySearchFlightSpiceJet@3c46e67a]" started-at="2024-06-07T08:49:34 IST" name="setUp" finished-at="2024-06-07T08:49:45 IST" duration-ms="11231" status="PASS">
          <reporter-output>
          </reporter-output>
        </test-method> <!-- setUp -->
        <test-method signature="testSearchFlights()[pri:3, instance:baseSpiceJet.TC_03_OneWaySearchFlightSpiceJet@3c46e67a]" started-at="2024-06-07T08:49:45 IST" name="testSearchFlights" finished-at="2024-06-07T08:49:56 IST" duration-ms="10623" status="PASS">
          <reporter-output>
          </reporter-output>
        </test-method> <!-- testSearchFlights -->
        <test-method is-config="true" signature="TearDown()[pri:0, instance:baseSpiceJet.TC_03_OneWaySearchFlightSpiceJet@3c46e67a]" started-at="2024-06-07T08:49:56 IST" name="TearDown" finished-at="2024-06-07T08:49:57 IST" duration-ms="1732" status="PASS">
          <reporter-output>
          </reporter-output>
        </test-method> <!-- TearDown -->
      </class> <!-- baseSpiceJet.TC_03_OneWaySearchFlightSpiceJet -->
      <class name="baseSpiceJet.TC_02_LoginSpiceJet">
        <test-method is-config="true" signature="setUp()[pri:0, instance:baseSpiceJet.TC_02_LoginSpiceJet@206a70ef]" started-at="2024-06-07T08:50:22 IST" name="setUp" finished-at="2024-06-07T08:50:33 IST" duration-ms="10913" status="PASS">
          <reporter-output>
          </reporter-output>
        </test-method> <!-- setUp -->
        <test-method signature="testLoginSpicsJet()[pri:2, instance:baseSpiceJet.TC_02_LoginSpiceJet@206a70ef]" started-at="2024-06-07T08:50:33 IST" name="testLoginSpicsJet" finished-at="2024-06-07T08:50:39 IST" duration-ms="6458" status="PASS">
          <reporter-output>
          </reporter-output>
        </test-method> <!-- testLoginSpicsJet -->
        <test-method is-config="true" signature="TearDown()[pri:0, instance:baseSpiceJet.TC_02_LoginSpiceJet@206a70ef]" started-at="2024-06-07T08:50:39 IST" name="TearDown" finished-at="2024-06-07T08:50:41 IST" duration-ms="2158" status="PASS">
          <reporter-output>
          </reporter-output>
        </test-method> <!-- TearDown -->
      </class> <!-- baseSpiceJet.TC_02_LoginSpiceJet -->
      <class name="baseSpiceJet.TC_07_FillingBookingFormPaymentInfo">
        <test-method is-config="true" signature="setUp()[pri:0, instance:baseSpiceJet.TC_07_FillingBookingFormPaymentInfo@408d971b]" started-at="2024-06-07T08:48:35 IST" name="setUp" finished-at="2024-06-07T08:48:46 IST" duration-ms="10659" status="PASS">
          <reporter-output>
          </reporter-output>
        </test-method> <!-- setUp -->
        <test-method signature="fillingBookingInfo()[pri:0, instance:baseSpiceJet.TC_07_FillingBookingFormPaymentInfo@408d971b]" started-at="2024-06-07T08:48:46 IST" name="fillingBookingInfo" finished-at="2024-06-07T08:49:09 IST" duration-ms="22965" status="PASS">
          <reporter-output>
          </reporter-output>
        </test-method> <!-- fillingBookingInfo -->
        <test-method is-config="true" signature="TearDown()[pri:0, instance:baseSpiceJet.TC_07_FillingBookingFormPaymentInfo@408d971b]" started-at="2024-06-07T08:49:09 IST" name="TearDown" finished-at="2024-06-07T08:49:11 IST" duration-ms="2459" status="PASS">
          <reporter-output>
          </reporter-output>
        </test-method> <!-- TearDown -->
      </class> <!-- baseSpiceJet.TC_07_FillingBookingFormPaymentInfo -->
    </test> <!-- SjTest -->
  </suite> <!-- SpiceJetSuite -->
</testng-results>
