<?xml version="1.0" encoding="UTF-8"?>
<testng-results ignored="0" total="1" passed="1" failed="0" skipped="0">
  <reporter-output>
  </reporter-output>
  <suite started-at="2024-06-06T18:01:48 IST" name="Default suite" finished-at="2024-06-06T18:02:15 IST" duration-ms="27602">
    <groups>
    </groups>
    <test started-at="2024-06-06T18:01:48 IST" name="Default test" finished-at="2024-06-06T18:02:15 IST" duration-ms="27602">
      <class name="baseSpiceJet.TC_01_SpiceJetSignup">
        <test-method is-config="true" signature="setUp()[pri:0, instance:baseSpiceJet.TC_01_SpiceJetSignup@2a3b5b47]" started-at="2024-06-06T18:01:48 IST" name="setUp" finished-at="2024-06-06T18:02:02 IST" duration-ms="14007" status="PASS">
          <reporter-output>
          </reporter-output>
        </test-method> <!-- setUp -->
        <test-method signature="testSignUp()[pri:1, instance:baseSpiceJet.TC_01_SpiceJetSignup@2a3b5b47]" started-at="2024-06-06T18:02:02 IST" name="testSignUp" finished-at="2024-06-06T18:02:13 IST" duration-ms="11019" status="PASS">
          <reporter-output>
          </reporter-output>
        </test-method> <!-- testSignUp -->
        <test-method is-config="true" signature="TearDown()[pri:0, instance:baseSpiceJet.TC_01_SpiceJetSignup@2a3b5b47]" started-at="2024-06-06T18:02:13 IST" name="TearDown" finished-at="2024-06-06T18:02:15 IST" duration-ms="2520" status="PASS">
          <reporter-output>
          </reporter-output>
        </test-method> <!-- TearDown -->
      </class> <!-- baseSpiceJet.TC_01_SpiceJetSignup -->
    </test> <!-- Default test -->
  </suite> <!-- Default suite -->
</testng-results>
